This is pdfTeX, Version 3.141592653-2.6-1.40.27 (TeX Live 2025) (preloaded format=pdflatex 2025.5.4)  30 JUN 2025 14:50
entering extended mode
 restricted \write18 enabled.
 file:line:error style messages enabled.
 %&-line parsing enabled.
**/Users/ou/Desktop/Literacy/cl-latex-G584252025/sample.tex
(/Users/ou/Desktop/Literacy/cl-latex-G584252025/sample.tex
LaTeX2e <2024-11-01> patch level 2
L3 programming layer <2025-01-18>
(/usr/local/texlive/2025/texmf-dist/tex/uplatex/base/ujarticle.cls

/usr/local/texlive/2025/texmf-dist/tex/uplatex/base/ujarticle.cls:17: LaTeX Error: This file needs format `pLaTeX2e'
               but this is `LaTeX2e'.

See the LaTeX manual or LaTeX Companion for explanation.
Type  H <return>  for immediate help.
 ...                                              
                                                  
l.17 \NeedsTeXFormat{pLaTeX2e}
                              
The current input file will not be processed further,
because it was written for some other flavor of TeX.
You're in trouble here.  Try typing  <return>  to proceed.
If that doesn't work, type  X <return>  to quit.

) (/usr/local/texlive/2025/texmf-dist/tex/latex/graphics/graphicx.sty
Package: graphicx 2021/09/16 v1.2d Enhanced LaTeX Graphics (DPC,SPQR)
 (/usr/local/texlive/2025/texmf-dist/tex/latex/graphics/keyval.sty
Package: keyval 2022/05/29 v1.15 key=value parser (DPC)
\KV@toks@=\toks17
) (/usr/local/texlive/2025/texmf-dist/tex/latex/graphics/graphics.sty
Package: graphics 2024/08/06 v1.4g Standard LaTeX Graphics (DPC,SPQR)
 (/usr/local/texlive/2025/texmf-dist/tex/latex/graphics/trig.sty
Package: trig 2023/12/02 v1.11 sin cos tan (DPC)
) (/usr/local/texlive/2025/texmf-dist/tex/latex/graphics-cfg/graphics.cfg
File: graphics.cfg 2016/06/04 v1.11 sample graphics configuration
)
Package graphics Info: Driver file: dvipdfmx.def on input line 106.
 (/usr/local/texlive/2025/texmf-dist/tex/latex/graphics-def/dvipdfmx.def
File: dvipdfmx.def 2022/09/22 v5.0m Graphics/color driver for dvipdfmx
))
\Gin@req@height=\dimen141
\Gin@req@width=\dimen142
) (/usr/local/texlive/2025/texmf-dist/tex/latex/url/url.sty
\Urlmuskip=\muskip17
Package: url 2013/09/16  ver 3.4  Verb mode for urls, etc.
) (./layout.tex)

/Users/ou/Desktop/Literacy/cl-latex-G584252025/sample.tex:11: LaTeX Error: Backend request inconsistent with engine: using 'pdftex'
(LaTeX)        backend.

For immediate help type H <return>.
 ...                                              
                                                  
l.11 \begin{document}
                     

You have requested backend 'dvipdfmx', but this is not suitable for use with
the active engine. LaTeX will use the 'pdftex' backend instead.


(/usr/local/texlive/2025/texmf-dist/tex/latex/l3backend/l3backend-pdftex.def
File: l3backend-pdftex.def 2024-05-08 L3 backend support: PDF output (pdfTeX)
\l__color_backend_stack_int=\count196
\l__pdf_internal_box=\box52
) (./sample.aux)
\openout1 = `sample.aux'.

LaTeX Font Info:    Checking defaults for OML/cmm/m/it on input line 11.
LaTeX Font Info:    ... okay on input line 11.
LaTeX Font Info:    Checking defaults for OMS/cmsy/m/n on input line 11.
LaTeX Font Info:    ... okay on input line 11.
LaTeX Font Info:    Checking defaults for OT1/cmr/m/n on input line 11.
LaTeX Font Info:    ... okay on input line 11.
LaTeX Font Info:    Checking defaults for T1/cmr/m/n on input line 11.
LaTeX Font Info:    ... okay on input line 11.
LaTeX Font Info:    Checking defaults for TS1/cmr/m/n on input line 11.
LaTeX Font Info:    ... okay on input line 11.
LaTeX Font Info:    Checking defaults for OMX/cmex/m/n on input line 11.
LaTeX Font Info:    ... okay on input line 11.
LaTeX Font Info:    Checking defaults for U/cmr/m/n on input line 11.
LaTeX Font Info:    ... okay on input line 11.


/Users/ou/Desktop/Literacy/cl-latex-G584252025/sample.tex:11: LaTeX Error: The font size command \normalsize is not defined:
               there is probably something wrong with the class file.

See the LaTeX manual or LaTeX Companion for explanation.
Type  H <return>  for immediate help.
 ...                                              
                                                  
l.11 \begin{document}
                     
Your command was ignored.
Type  I <command> <return>  to replace it with another command,
or  <return>  to continue without it.

/Users/ou/Desktop/Literacy/cl-latex-G584252025/sample.tex:13: Undefined control sequence.
l.13 \maketitle
               
The control sequence at the end of the top line
of your error message was never \def'ed. If you have
misspelled it (e.g., `\hobx'), type `I' and the correct
spelling (e.g., `I\hbox'). Otherwise just continue,
and I'll forget about whatever was undefined.

/Users/ou/Desktop/Literacy/cl-latex-G584252025/sample.tex:15: Undefined control sequence.
l.15 \section
             {æƒ…å ±é€šä¿¡æ©Ÿå™¨ã®ä¿æœ‰çŠ¶æ³}
The control sequence at the end of the top line
of your error message was never \def'ed. If you have
misspelled it (e.g., `\hobx'), type `I' and the correct
spelling (e.g., `I\hbox'). Otherwise just continue,
and I'll forget about whatever was undefined.


/Users/ou/Desktop/Literacy/cl-latex-G584252025/sample.tex:15: LaTeX Error: Unicode character æƒ… (U+60C5)
               not set up for use with LaTeX.

See the LaTeX manual or LaTeX Companion for explanation.
Type  H <return>  for immediate help.
 ...                                              
                                                  
l.15 \section{æƒ…
                 å ±é€šä¿¡æ©Ÿå™¨ã®ä¿æœ‰çŠ¶æ³}
You may provide a definition with
\DeclareUnicodeCharacter 


/Users/ou/Desktop/Literacy/cl-latex-G584252025/sample.tex:15: LaTeX Error: Unicode character å ± (U+5831)
               not set up for use with LaTeX.

See the LaTeX manual or LaTeX Companion for explanation.
Type  H <return>  for immediate help.
 ...                                              
                                                  
l.15 \section{æƒ…å ±
                    é€šä¿¡æ©Ÿå™¨ã®ä¿æœ‰çŠ¶æ³}
You may provide a definition with
\DeclareUnicodeCharacter 


/Users/ou/Desktop/Literacy/cl-latex-G584252025/sample.tex:15: LaTeX Error: Unicode character é€š (U+901A)
               not set up for use with LaTeX.

See the LaTeX manual or LaTeX Companion for explanation.
Type  H <return>  for immediate help.
 ...                                              
                                                  
l.15 \section{æƒ…å ±é€š
                       ä¿¡æ©Ÿå™¨ã®ä¿æœ‰çŠ¶æ³}
You may provide a definition with
\DeclareUnicodeCharacter 


/Users/ou/Desktop/Literacy/cl-latex-G584252025/sample.tex:15: LaTeX Error: Unicode character ä¿¡ (U+4FE1)
               not set up for use with LaTeX.

See the LaTeX manual or LaTeX Companion for explanation.
Type  H <return>  for immediate help.
 ...                                              
                                                  
l.15 \section{æƒ…å ±é€šä¿¡
                          æ©Ÿå™¨ã®ä¿æœ‰çŠ¶æ³}
You may provide a definition with
\DeclareUnicodeCharacter 


/Users/ou/Desktop/Literacy/cl-latex-G584252025/sample.tex:15: LaTeX Error: Unicode character æ©Ÿ (U+6A5F)
               not set up for use with LaTeX.

See the LaTeX manual or LaTeX Companion for explanation.
Type  H <return>  for immediate help.
 ...                                              
                                                  
l.15 \section{æƒ…å ±é€šä¿¡æ©Ÿ
                             å™¨ã®ä¿æœ‰çŠ¶æ³}
You may provide a definition with
\DeclareUnicodeCharacter 


/Users/ou/Desktop/Literacy/cl-latex-G584252025/sample.tex:15: LaTeX Error: Unicode character å™¨ (U+5668)
               not set up for use with LaTeX.

See the LaTeX manual or LaTeX Companion for explanation.
Type  H <return>  for immediate help.
 ...                                              
                                                  
l.15 \section{æƒ…å ±é€šä¿¡æ©Ÿå™¨
                                ã®ä¿æœ‰çŠ¶æ³}
You may provide a definition with
\DeclareUnicodeCharacter 


/Users/ou/Desktop/Literacy/cl-latex-G584252025/sample.tex:15: LaTeX Error: Unicode character ã® (U+306E)
               not set up for use with LaTeX.

See the LaTeX manual or LaTeX Companion for explanation.
Type  H <return>  for immediate help.
 ...                                              
                                                  
l.15 \section{æƒ…å ±é€šä¿¡æ©Ÿå™¨ã®
                                   ä¿æœ‰çŠ¶æ³}
You may provide a definition with
\DeclareUnicodeCharacter 


/Users/ou/Desktop/Literacy/cl-latex-G584252025/sample.tex:15: LaTeX Error: Unicode character ä¿ (U+4FDD)
               not set up for use with LaTeX.

See the LaTeX manual or LaTeX Companion for explanation.
Type  H <return>  for immediate help.
 ...                                              
                                                  
l.15 \section{æƒ…å ±é€šä¿¡æ©Ÿå™¨ã®ä¿
                                      æœ‰çŠ¶æ³}
You may provide a definition with
\DeclareUnicodeCharacter 


/Users/ou/Desktop/Literacy/cl-latex-G584252025/sample.tex:15: LaTeX Error: Unicode character æœ‰ (U+6709)
               not set up for use with LaTeX.

See the LaTeX manual or LaTeX Companion for explanation.
Type  H <return>  for immediate help.
 ...                                              
                                                  
l.15 \section{æƒ…å ±é€šä¿¡æ©Ÿå™¨ã®ä¿æœ‰
                                         çŠ¶æ³}
You may provide a definition with
\DeclareUnicodeCharacter 


/Users/ou/Desktop/Literacy/cl-latex-G584252025/sample.tex:15: LaTeX Error: Unicode character çŠ¶ (U+72B6)
               not set up for use with LaTeX.

See the LaTeX manual or LaTeX Companion for explanation.
Type  H <return>  for immediate help.
 ...                                              
                                                  
l.15 \section{æƒ…å ±é€šä¿¡æ©Ÿå™¨ã®ä¿æœ‰çŠ¶
                                            æ³}
You may provide a definition with
\DeclareUnicodeCharacter 


/Users/ou/Desktop/Literacy/cl-latex-G584252025/sample.tex:15: LaTeX Error: Unicode character æ³ (U+6CC1)
               not set up for use with LaTeX.

See the LaTeX manual or LaTeX Companion for explanation.
Type  H <return>  for immediate help.
 ...                                              
                                                  
l.15 \section{æƒ…å ±é€šä¿¡æ©Ÿå™¨ã®ä¿æœ‰çŠ¶æ³
                                               }
You may provide a definition with
\DeclareUnicodeCharacter 


/Users/ou/Desktop/Literacy/cl-latex-G584252025/sample.tex:17: LaTeX Error: Unicode character ç· (U+7DCF)
               not set up for use with LaTeX.

See the LaTeX manual or LaTeX Companion for explanation.
Type  H <return>  for immediate help.
 ...                                              
                                                  
l.17 ç·
        å‹™çœãŒæ¯å¹´å®Ÿæ–½ã—ã¦ã„ã‚‹é€šä¿¡åˆ©ç”¨å‹•å‘èª¿æŸ»\cite{soumu...
You may provide a definition with
\DeclareUnicodeCharacter 


/Users/ou/Desktop/Literacy/cl-latex-G584252025/sample.tex:17: LaTeX Error: Unicode character å‹™ (U+52D9)
               not set up for use with LaTeX.

See the LaTeX manual or LaTeX Companion for explanation.
Type  H <return>  for immediate help.
 ...                                              
                                                  
l.17 ç·å‹™
           çœãŒæ¯å¹´å®Ÿæ–½ã—ã¦ã„ã‚‹é€šä¿¡åˆ©ç”¨å‹•å‘èª¿æŸ»\cite{soumu...
You may provide a definition with
\DeclareUnicodeCharacter 


/Users/ou/Desktop/Literacy/cl-latex-G584252025/sample.tex:17: LaTeX Error: Unicode character çœ (U+7701)
               not set up for use with LaTeX.

See the LaTeX manual or LaTeX Companion for explanation.
Type  H <return>  for immediate help.
 ...                                              
                                                  
l.17 ç·å‹™çœ
              ãŒæ¯å¹´å®Ÿæ–½ã—ã¦ã„ã‚‹é€šä¿¡åˆ©ç”¨å‹•å‘èª¿æŸ»\cite{soumu...
You may provide a definition with
\DeclareUnicodeCharacter 


/Users/ou/Desktop/Literacy/cl-latex-G584252025/sample.tex:17: LaTeX Error: Unicode character ãŒ (U+304C)
               not set up for use with LaTeX.

See the LaTeX manual or LaTeX Companion for explanation.
Type  H <return>  for immediate help.
 ...                                              
                                                  
l.17 ç·å‹™çœãŒ
                 æ¯å¹´å®Ÿæ–½ã—ã¦ã„ã‚‹é€šä¿¡åˆ©ç”¨å‹•å‘èª¿æŸ»\cite{soumu...
You may provide a definition with
\DeclareUnicodeCharacter 


/Users/ou/Desktop/Literacy/cl-latex-G584252025/sample.tex:17: LaTeX Error: Unicode character æ¯ (U+6BCE)
               not set up for use with LaTeX.

See the LaTeX manual or LaTeX Companion for explanation.
Type  H <return>  for immediate help.
 ...                                              
                                                  
l.17 ç·å‹™çœãŒæ¯
                    å¹´å®Ÿæ–½ã—ã¦ã„ã‚‹é€šä¿¡åˆ©ç”¨å‹•å‘èª¿æŸ»\cite{soumu...
You may provide a definition with
\DeclareUnicodeCharacter 


/Users/ou/Desktop/Literacy/cl-latex-G584252025/sample.tex:17: LaTeX Error: Unicode character å¹´ (U+5E74)
               not set up for use with LaTeX.

See the LaTeX manual or LaTeX Companion for explanation.
Type  H <return>  for immediate help.
 ...                                              
                                                  
l.17 ç·å‹™çœãŒæ¯å¹´
                       å®Ÿæ–½ã—ã¦ã„ã‚‹é€šä¿¡åˆ©ç”¨å‹•å‘èª¿æŸ»\cite{soumu...
You may provide a definition with
\DeclareUnicodeCharacter 


/Users/ou/Desktop/Literacy/cl-latex-G584252025/sample.tex:17: LaTeX Error: Unicode character å®Ÿ (U+5B9F)
               not set up for use with LaTeX.

See the LaTeX manual or LaTeX Companion for explanation.
Type  H <return>  for immediate help.
 ...                                              
                                                  
l.17 ç·å‹™çœãŒæ¯å¹´å®Ÿ
                          æ–½ã—ã¦ã„ã‚‹é€šä¿¡åˆ©ç”¨å‹•å‘èª¿æŸ»\cite{soumu...
You may provide a definition with
\DeclareUnicodeCharacter 


/Users/ou/Desktop/Literacy/cl-latex-G584252025/sample.tex:17: LaTeX Error: Unicode character æ–½ (U+65BD)
               not set up for use with LaTeX.

See the LaTeX manual or LaTeX Companion for explanation.
Type  H <return>  for immediate help.
 ...                                              
                                                  
l.17 ç·å‹™çœãŒæ¯å¹´å®Ÿæ–½
                             ã—ã¦ã„ã‚‹é€šä¿¡åˆ©ç”¨å‹•å‘èª¿æŸ»\cite{soumu...
You may provide a definition with
\DeclareUnicodeCharacter 


/Users/ou/Desktop/Literacy/cl-latex-G584252025/sample.tex:17: LaTeX Error: Unicode character ã— (U+3057)
               not set up for use with LaTeX.

See the LaTeX manual or LaTeX Companion for explanation.
Type  H <return>  for immediate help.
 ...                                              
                                                  
l.17 ç·å‹™çœãŒæ¯å¹´å®Ÿæ–½ã—
                                ã¦ã„ã‚‹é€šä¿¡åˆ©ç”¨å‹•å‘èª¿æŸ»\cite{soumu...
You may provide a definition with
\DeclareUnicodeCharacter 


/Users/ou/Desktop/Literacy/cl-latex-G584252025/sample.tex:17: LaTeX Error: Unicode character ã¦ (U+3066)
               not set up for use with LaTeX.

See the LaTeX manual or LaTeX Companion for explanation.
Type  H <return>  for immediate help.
 ...                                              
                                                  
l.17 ç·å‹™çœãŒæ¯å¹´å®Ÿæ–½ã—ã¦
                                   ã„ã‚‹é€šä¿¡åˆ©ç”¨å‹•å‘èª¿æŸ»\cite{soumu...
You may provide a definition with
\DeclareUnicodeCharacter 


/Users/ou/Desktop/Literacy/cl-latex-G584252025/sample.tex:17: LaTeX Error: Unicode character ã„ (U+3044)
               not set up for use with LaTeX.

See the LaTeX manual or LaTeX Companion for explanation.
Type  H <return>  for immediate help.
 ...                                              
                                                  
l.17 ç·å‹™çœãŒæ¯å¹´å®Ÿæ–½ã—ã¦ã„
                                      ã‚‹é€šä¿¡åˆ©ç”¨å‹•å‘èª¿æŸ»\cite{soumu...
You may provide a definition with
\DeclareUnicodeCharacter 


/Users/ou/Desktop/Literacy/cl-latex-G584252025/sample.tex:17: LaTeX Error: Unicode character ã‚‹ (U+308B)
               not set up for use with LaTeX.

See the LaTeX manual or LaTeX Companion for explanation.
Type  H <return>  for immediate help.
 ...                                              
                                                  
l.17 ç·å‹™çœãŒæ¯å¹´å®Ÿæ–½ã—ã¦ã„ã‚‹
                                         é€šä¿¡åˆ©ç”¨å‹•å‘èª¿æŸ»\cite{soumu...
You may provide a definition with
\DeclareUnicodeCharacter 


/Users/ou/Desktop/Literacy/cl-latex-G584252025/sample.tex:17: LaTeX Error: Unicode character é€š (U+901A)
               not set up for use with LaTeX.

See the LaTeX manual or LaTeX Companion for explanation.
Type  H <return>  for immediate help.
 ...                                              
                                                  
l.17 ç·å‹™çœãŒæ¯å¹´å®Ÿæ–½ã—ã¦ã„ã‚‹é€š
                                            ä¿¡åˆ©ç”¨å‹•å‘èª¿æŸ»\cite{soumu...
You may provide a definition with
\DeclareUnicodeCharacter 


/Users/ou/Desktop/Literacy/cl-latex-G584252025/sample.tex:17: LaTeX Error: Unicode character ä¿¡ (U+4FE1)
               not set up for use with LaTeX.

See the LaTeX manual or LaTeX Companion for explanation.
Type  H <return>  for immediate help.
 ...                                              
                                                  
l.17 ç·å‹™çœãŒæ¯å¹´å®Ÿæ–½ã—ã¦ã„ã‚‹é€šä¿¡
                                               åˆ©ç”¨å‹•å‘èª¿æŸ»\cite{soumu...
You may provide a definition with
\DeclareUnicodeCharacter 


/Users/ou/Desktop/Literacy/cl-latex-G584252025/sample.tex:17: LaTeX Error: Unicode character åˆ© (U+5229)
               not set up for use with LaTeX.

See the LaTeX manual or LaTeX Companion for explanation.
Type  H <return>  for immediate help.
 ...                                              
                                                  
l.17 ç·å‹™çœãŒæ¯å¹´å®Ÿæ–½ã—ã¦ã„ã‚‹é€šä¿¡åˆ©
                                                  ç”¨å‹•å‘èª¿æŸ»\cite{soumu...
You may provide a definition with
\DeclareUnicodeCharacter 


/Users/ou/Desktop/Literacy/cl-latex-G584252025/sample.tex:17: LaTeX Error: Unicode character ç”¨ (U+7528)
               not set up for use with LaTeX.

See the LaTeX manual or LaTeX Companion for explanation.
Type  H <return>  for immediate help.
 ...                                              
                                                  
l.17 ...çœãŒæ¯å¹´å®Ÿæ–½ã—ã¦ã„ã‚‹é€šä¿¡åˆ©ç”¨
                                                  å‹•å‘èª¿æŸ»\cite{soumu}ã...
You may provide a definition with
\DeclareUnicodeCharacter 


/Users/ou/Desktop/Literacy/cl-latex-G584252025/sample.tex:17: LaTeX Error: Unicode character å‹• (U+52D5)
               not set up for use with LaTeX.

See the LaTeX manual or LaTeX Companion for explanation.
Type  H <return>  for immediate help.
 ...                                              
                                                  
l.17 ...ãŒæ¯å¹´å®Ÿæ–½ã—ã¦ã„ã‚‹é€šä¿¡åˆ©ç”¨å‹•
                                                  å‘èª¿æŸ»\cite{soumu}ã«ã‚...
You may provide a definition with
\DeclareUnicodeCharacter 


/Users/ou/Desktop/Literacy/cl-latex-G584252025/sample.tex:17: LaTeX Error: Unicode character å‘ (U+5411)
               not set up for use with LaTeX.

See the LaTeX manual or LaTeX Companion for explanation.
Type  H <return>  for immediate help.
 ...                                              
                                                  
l.17 ...æ¯å¹´å®Ÿæ–½ã—ã¦ã„ã‚‹é€šä¿¡åˆ©ç”¨å‹•å‘
                                                  èª¿æŸ»\cite{soumu}ã«ã‚ˆã‚...
You may provide a definition with
\DeclareUnicodeCharacter 


/Users/ou/Desktop/Literacy/cl-latex-G584252025/sample.tex:17: LaTeX Error: Unicode character èª¿ (U+8ABF)
               not set up for use with LaTeX.

See the LaTeX manual or LaTeX Companion for explanation.
Type  H <return>  for immediate help.
 ...                                              
                                                  
l.17 ...å¹´å®Ÿæ–½ã—ã¦ã„ã‚‹é€šä¿¡åˆ©ç”¨å‹•å‘èª¿
                                                  æŸ»\cite{soumu}ã«ã‚ˆã‚‹ã...
You may provide a definition with
\DeclareUnicodeCharacter 


/Users/ou/Desktop/Literacy/cl-latex-G584252025/sample.tex:17: LaTeX Error: Unicode character æŸ» (U+67FB)
               not set up for use with LaTeX.

See the LaTeX manual or LaTeX Companion for explanation.
Type  H <return>  for immediate help.
 ...                                              
                                                  
l.17 ...å®Ÿæ–½ã—ã¦ã„ã‚‹é€šä¿¡åˆ©ç”¨å‹•å‘èª¿æŸ»
                                                  \cite{soumu}ã«ã‚ˆã‚‹ã¨ï¼Œ
You may provide a definition with
\DeclareUnicodeCharacter 

/Users/ou/Desktop/Literacy/cl-latex-G584252025/sample.tex:17: Undefined control sequence.
<write> ...: Citation `\@citeb ' on page \thepage 
                                                  \space undefined\on@line .
l.17 ...ã„ã‚‹é€šä¿¡åˆ©ç”¨å‹•å‘èª¿æŸ»\cite{soumu}
                                                  ã«ã‚ˆã‚‹ã¨ï¼Œ
The control sequence at the end of the top line
of your error message was never \def'ed. If you have
misspelled it (e.g., `\hobx'), type `I' and the correct
spelling (e.g., `I\hbox'). Otherwise just continue,
and I'll forget about whatever was undefined.


LaTeX Warning: Citation `soumu' on page  undefined on input line 17.


/Users/ou/Desktop/Literacy/cl-latex-G584252025/sample.tex:17: LaTeX Error: Unicode character ã« (U+306B)
               not set up for use with LaTeX.

See the LaTeX manual or LaTeX Companion for explanation.
Type  H <return>  for immediate help.
 ...                                              
                                                  
l.17 ...ã‚‹é€šä¿¡åˆ©ç”¨å‹•å‘èª¿æŸ»\cite{soumu}ã«
                                                  ã‚ˆã‚‹ã¨ï¼Œ
You may provide a definition with
\DeclareUnicodeCharacter 


/Users/ou/Desktop/Literacy/cl-latex-G584252025/sample.tex:17: LaTeX Error: Unicode character ã‚ˆ (U+3088)
               not set up for use with LaTeX.

See the LaTeX manual or LaTeX Companion for explanation.
Type  H <return>  for immediate help.
 ...                                              
                                                  
l.17 ...é€šä¿¡åˆ©ç”¨å‹•å‘èª¿æŸ»\cite{soumu}ã«ã‚ˆ
                                                  ã‚‹ã¨ï¼Œ
You may provide a definition with
\DeclareUnicodeCharacter 


/Users/ou/Desktop/Literacy/cl-latex-G584252025/sample.tex:17: LaTeX Error: Unicode character ã‚‹ (U+308B)
               not set up for use with LaTeX.

See the LaTeX manual or LaTeX Companion for explanation.
Type  H <return>  for immediate help.
 ...                                              
                                                  
l.17 ...ä¿¡åˆ©ç”¨å‹•å‘èª¿æŸ»\cite{soumu}ã«ã‚ˆã‚‹
                                                  ã¨ï¼Œ
You may provide a definition with
\DeclareUnicodeCharacter 


/Users/ou/Desktop/Literacy/cl-latex-G584252025/sample.tex:17: LaTeX Error: Unicode character ã¨ (U+3068)
               not set up for use with LaTeX.

See the LaTeX manual or LaTeX Companion for explanation.
Type  H <return>  for immediate help.
 ...                                              
                                                  
l.17 ...åˆ©ç”¨å‹•å‘èª¿æŸ»\cite{soumu}ã«ã‚ˆã‚‹ã¨
                                                  ï¼Œ
You may provide a definition with
\DeclareUnicodeCharacter 


/Users/ou/Desktop/Literacy/cl-latex-G584252025/sample.tex:17: LaTeX Error: Unicode character ï¼Œ (U+FF0C)
               not set up for use with LaTeX.

See the LaTeX manual or LaTeX Companion for explanation.
Type  H <return>  for immediate help.
 ...                                              
                                                  
l.17 ...ç”¨å‹•å‘èª¿æŸ»\cite{soumu}ã«ã‚ˆã‚‹ã¨ï¼Œ
                                                  
You may provide a definition with
\DeclareUnicodeCharacter 


/Users/ou/Desktop/Literacy/cl-latex-G584252025/sample.tex:18: LaTeX Error: Unicode character å›³ (U+56F3)
               not set up for use with LaTeX.

See the LaTeX manual or LaTeX Companion for explanation.
Type  H <return>  for immediate help.
 ...                                              
                                                  
l.18 å›³
        \ref{fig:ä¿æœ‰ç‡}ã«ç¤ºã™ã‚ˆã†ã«ï¼Œ
You may provide a definition with
\DeclareUnicodeCharacter 

/Users/ou/Desktop/Literacy/cl-latex-G584252025/sample.tex:18: Undefined control sequence.
<write> ...rence `fig:ä¿æœ‰ç‡' on page \thepage 
                                                  \space undefined\on@line .
l.18 å›³\ref{fig:ä¿æœ‰ç‡}
                           ã«ç¤ºã™ã‚ˆã†ã«ï¼Œ
The control sequence at the end of the top line
of your error message was never \def'ed. If you have
misspelled it (e.g., `\hobx'), type `I' and the correct
spelling (e.g., `I\hbox'). Otherwise just continue,
and I'll forget about whatever was undefined.


LaTeX Warning: Reference `fig:ä¿æœ‰ç‡' on page  undefined on input line 18.


/Users/ou/Desktop/Literacy/cl-latex-G584252025/sample.tex:18: LaTeX Error: Unicode character ã« (U+306B)
               not set up for use with LaTeX.

See the LaTeX manual or LaTeX Companion for explanation.
Type  H <return>  for immediate help.
 ...                                              
                                                  
l.18 å›³\ref{fig:ä¿æœ‰ç‡}ã«
                              ç¤ºã™ã‚ˆã†ã«ï¼Œ
You may provide a definition with
\DeclareUnicodeCharacter 


/Users/ou/Desktop/Literacy/cl-latex-G584252025/sample.tex:18: LaTeX Error: Unicode character ç¤º (U+793A)
               not set up for use with LaTeX.

See the LaTeX manual or LaTeX Companion for explanation.
Type  H <return>  for immediate help.
 ...                                              
                                                  
l.18 å›³\ref{fig:ä¿æœ‰ç‡}ã«ç¤º
                                 ã™ã‚ˆã†ã«ï¼Œ
You may provide a definition with
\DeclareUnicodeCharacter 


/Users/ou/Desktop/Literacy/cl-latex-G584252025/sample.tex:18: LaTeX Error: Unicode character ã™ (U+3059)
               not set up for use with LaTeX.

See the LaTeX manual or LaTeX Companion for explanation.
Type  H <return>  for immediate help.
 ...                                              
                                                  
l.18 å›³\ref{fig:ä¿æœ‰ç‡}ã«ç¤ºã™
                                    ã‚ˆã†ã«ï¼Œ
You may provide a definition with
\DeclareUnicodeCharacter 


/Users/ou/Desktop/Literacy/cl-latex-G584252025/sample.tex:18: LaTeX Error: Unicode character ã‚ˆ (U+3088)
               not set up for use with LaTeX.

See the LaTeX manual or LaTeX Companion for explanation.
Type  H <return>  for immediate help.
 ...                                              
                                                  
l.18 å›³\ref{fig:ä¿æœ‰ç‡}ã«ç¤ºã™ã‚ˆ
                                       ã†ã«ï¼Œ
You may provide a definition with
\DeclareUnicodeCharacter 


/Users/ou/Desktop/Literacy/cl-latex-G584252025/sample.tex:18: LaTeX Error: Unicode character ã† (U+3046)
               not set up for use with LaTeX.

See the LaTeX manual or LaTeX Companion for explanation.
Type  H <return>  for immediate help.
 ...                                              
                                                  
l.18 å›³\ref{fig:ä¿æœ‰ç‡}ã«ç¤ºã™ã‚ˆã†
                                          ã«ï¼Œ
You may provide a definition with
\DeclareUnicodeCharacter 


/Users/ou/Desktop/Literacy/cl-latex-G584252025/sample.tex:18: LaTeX Error: Unicode character ã« (U+306B)
               not set up for use with LaTeX.

See the LaTeX manual or LaTeX Companion for explanation.
Type  H <return>  for immediate help.
 ...                                              
                                                  
l.18 å›³\ref{fig:ä¿æœ‰ç‡}ã«ç¤ºã™ã‚ˆã†ã«
                                             ï¼Œ
You may provide a definition with
\DeclareUnicodeCharacter 


/Users/ou/Desktop/Literacy/cl-latex-G584252025/sample.tex:18: LaTeX Error: Unicode character ï¼Œ (U+FF0C)
               not set up for use with LaTeX.

See the LaTeX manual or LaTeX Companion for explanation.
Type  H <return>  for immediate help.
 ...                                              
                                                  
l.18 å›³\ref{fig:ä¿æœ‰ç‡}ã«ç¤ºã™ã‚ˆã†ã«ï¼Œ
                                                
You may provide a definition with
\DeclareUnicodeCharacter 


/Users/ou/Desktop/Literacy/cl-latex-G584252025/sample.tex:19: LaTeX Error: Unicode character æƒ… (U+60C5)
               not set up for use with LaTeX.

See the LaTeX manual or LaTeX Companion for explanation.
Type  H <return>  for immediate help.
 ...                                              
                                                  
l.19 æƒ…
        å ±é€šä¿¡æ©Ÿå™¨ã®ä¸–å¸¯ä¿æœ‰ç‡ã«ã¤ã„ã¦ã¯ï¼Œ
You may provide a definition with
\DeclareUnicodeCharacter 


/Users/ou/Desktop/Literacy/cl-latex-G584252025/sample.tex:19: LaTeX Error: Unicode character å ± (U+5831)
               not set up for use with LaTeX.

See the LaTeX manual or LaTeX Companion for explanation.
Type  H <return>  for immediate help.
 ...                                              
                                                  
l.19 æƒ…å ±
           é€šä¿¡æ©Ÿå™¨ã®ä¸–å¸¯ä¿æœ‰ç‡ã«ã¤ã„ã¦ã¯ï¼Œ
You may provide a definition with
\DeclareUnicodeCharacter 


/Users/ou/Desktop/Literacy/cl-latex-G584252025/sample.tex:19: LaTeX Error: Unicode character é€š (U+901A)
               not set up for use with LaTeX.

See the LaTeX manual or LaTeX Companion for explanation.
Type  H <return>  for immediate help.
 ...                                              
                                                  
l.19 æƒ…å ±é€š
              ä¿¡æ©Ÿå™¨ã®ä¸–å¸¯ä¿æœ‰ç‡ã«ã¤ã„ã¦ã¯ï¼Œ
You may provide a definition with
\DeclareUnicodeCharacter 


/Users/ou/Desktop/Literacy/cl-latex-G584252025/sample.tex:19: LaTeX Error: Unicode character ä¿¡ (U+4FE1)
               not set up for use with LaTeX.

See the LaTeX manual or LaTeX Companion for explanation.
Type  H <return>  for immediate help.
 ...                                              
                                                  
l.19 æƒ…å ±é€šä¿¡
                 æ©Ÿå™¨ã®ä¸–å¸¯ä¿æœ‰ç‡ã«ã¤ã„ã¦ã¯ï¼Œ
You may provide a definition with
\DeclareUnicodeCharacter 


/Users/ou/Desktop/Literacy/cl-latex-G584252025/sample.tex:19: LaTeX Error: Unicode character æ©Ÿ (U+6A5F)
               not set up for use with LaTeX.

See the LaTeX manual or LaTeX Companion for explanation.
Type  H <return>  for immediate help.
 ...                                              
                                                  
l.19 æƒ…å ±é€šä¿¡æ©Ÿ
                    å™¨ã®ä¸–å¸¯ä¿æœ‰ç‡ã«ã¤ã„ã¦ã¯ï¼Œ
You may provide a definition with
\DeclareUnicodeCharacter 


/Users/ou/Desktop/Literacy/cl-latex-G584252025/sample.tex:19: LaTeX Error: Unicode character å™¨ (U+5668)
               not set up for use with LaTeX.

See the LaTeX manual or LaTeX Companion for explanation.
Type  H <return>  for immediate help.
 ...                                              
                                                  
l.19 æƒ…å ±é€šä¿¡æ©Ÿå™¨
                       ã®ä¸–å¸¯ä¿æœ‰ç‡ã«ã¤ã„ã¦ã¯ï¼Œ
You may provide a definition with
\DeclareUnicodeCharacter 


/Users/ou/Desktop/Literacy/cl-latex-G584252025/sample.tex:19: LaTeX Error: Unicode character ã® (U+306E)
               not set up for use with LaTeX.

See the LaTeX manual or LaTeX Companion for explanation.
Type  H <return>  for immediate help.
 ...                                              
                                                  
l.19 æƒ…å ±é€šä¿¡æ©Ÿå™¨ã®
                          ä¸–å¸¯ä¿æœ‰ç‡ã«ã¤ã„ã¦ã¯ï¼Œ
You may provide a definition with
\DeclareUnicodeCharacter 


/Users/ou/Desktop/Literacy/cl-latex-G584252025/sample.tex:19: LaTeX Error: Unicode character ä¸– (U+4E16)
               not set up for use with LaTeX.

See the LaTeX manual or LaTeX Companion for explanation.
Type  H <return>  for immediate help.
 ...                                              
                                                  
l.19 æƒ…å ±é€šä¿¡æ©Ÿå™¨ã®ä¸–
                             å¸¯ä¿æœ‰ç‡ã«ã¤ã„ã¦ã¯ï¼Œ
You may provide a definition with
\DeclareUnicodeCharacter 


/Users/ou/Desktop/Literacy/cl-latex-G584252025/sample.tex:19: LaTeX Error: Unicode character å¸¯ (U+5E2F)
               not set up for use with LaTeX.

See the LaTeX manual or LaTeX Companion for explanation.
Type  H <return>  for immediate help.
 ...                                              
                                                  
l.19 æƒ…å ±é€šä¿¡æ©Ÿå™¨ã®ä¸–å¸¯
                                ä¿æœ‰ç‡ã«ã¤ã„ã¦ã¯ï¼Œ
You may provide a definition with
\DeclareUnicodeCharacter 


/Users/ou/Desktop/Literacy/cl-latex-G584252025/sample.tex:19: LaTeX Error: Unicode character ä¿ (U+4FDD)
               not set up for use with LaTeX.

See the LaTeX manual or LaTeX Companion for explanation.
Type  H <return>  for immediate help.
 ...                                              
                                                  
l.19 æƒ…å ±é€šä¿¡æ©Ÿå™¨ã®ä¸–å¸¯ä¿
                                   æœ‰ç‡ã«ã¤ã„ã¦ã¯ï¼Œ
You may provide a definition with
\DeclareUnicodeCharacter 


/Users/ou/Desktop/Literacy/cl-latex-G584252025/sample.tex:19: LaTeX Error: Unicode character æœ‰ (U+6709)
               not set up for use with LaTeX.

See the LaTeX manual or LaTeX Companion for explanation.
Type  H <return>  for immediate help.
 ...                                              
                                                  
l.19 æƒ…å ±é€šä¿¡æ©Ÿå™¨ã®ä¸–å¸¯ä¿æœ‰
                                      ç‡ã«ã¤ã„ã¦ã¯ï¼Œ
You may provide a definition with
\DeclareUnicodeCharacter 


/Users/ou/Desktop/Literacy/cl-latex-G584252025/sample.tex:19: LaTeX Error: Unicode character ç‡ (U+7387)
               not set up for use with LaTeX.

See the LaTeX manual or LaTeX Companion for explanation.
Type  H <return>  for immediate help.
 ...                                              
                                                  
l.19 æƒ…å ±é€šä¿¡æ©Ÿå™¨ã®ä¸–å¸¯ä¿æœ‰ç‡
                                         ã«ã¤ã„ã¦ã¯ï¼Œ
You may provide a definition with
\DeclareUnicodeCharacter 


/Users/ou/Desktop/Literacy/cl-latex-G584252025/sample.tex:19: LaTeX Error: Unicode character ã« (U+306B)
               not set up for use with LaTeX.

See the LaTeX manual or LaTeX Companion for explanation.
Type  H <return>  for immediate help.
 ...                                              
                                                  
l.19 æƒ…å ±é€šä¿¡æ©Ÿå™¨ã®ä¸–å¸¯ä¿æœ‰ç‡ã«
                                            ã¤ã„ã¦ã¯ï¼Œ
You may provide a definition with
\DeclareUnicodeCharacter 


/Users/ou/Desktop/Literacy/cl-latex-G584252025/sample.tex:19: LaTeX Error: Unicode character ã¤ (U+3064)
               not set up for use with LaTeX.

See the LaTeX manual or LaTeX Companion for explanation.
Type  H <return>  for immediate help.
 ...                                              
                                                  
l.19 æƒ…å ±é€šä¿¡æ©Ÿå™¨ã®ä¸–å¸¯ä¿æœ‰ç‡ã«ã¤
                                               ã„ã¦ã¯ï¼Œ
You may provide a definition with
\DeclareUnicodeCharacter 


/Users/ou/Desktop/Literacy/cl-latex-G584252025/sample.tex:19: LaTeX Error: Unicode character ã„ (U+3044)
               not set up for use with LaTeX.

See the LaTeX manual or LaTeX Companion for explanation.
Type  H <return>  for immediate help.
 ...                                              
                                                  
l.19 æƒ…å ±é€šä¿¡æ©Ÿå™¨ã®ä¸–å¸¯ä¿æœ‰ç‡ã«ã¤ã„
                                                  ã¦ã¯ï¼Œ
You may provide a definition with
\DeclareUnicodeCharacter 


/Users/ou/Desktop/Literacy/cl-latex-G584252025/sample.tex:19: LaTeX Error: Unicode character ã¦ (U+3066)
               not set up for use with LaTeX.

See the LaTeX manual or LaTeX Companion for explanation.
Type  H <return>  for immediate help.
 ...                                              
                                                  
l.19 ...é€šä¿¡æ©Ÿå™¨ã®ä¸–å¸¯ä¿æœ‰ç‡ã«ã¤ã„ã¦
                                                  ã¯ï¼Œ
You may provide a definition with
\DeclareUnicodeCharacter 


/Users/ou/Desktop/Literacy/cl-latex-G584252025/sample.tex:19: LaTeX Error: Unicode character ã¯ (U+306F)
               not set up for use with LaTeX.

See the LaTeX manual or LaTeX Companion for explanation.
Type  H <return>  for immediate help.
 ...                                              
                                                  
l.19 ...ä¿¡æ©Ÿå™¨ã®ä¸–å¸¯ä¿æœ‰ç‡ã«ã¤ã„ã¦ã¯
                                                  ï¼Œ
You may provide a definition with
\DeclareUnicodeCharacter 


/Users/ou/Desktop/Literacy/cl-latex-G584252025/sample.tex:19: LaTeX Error: Unicode character ï¼Œ (U+FF0C)
               not set up for use with LaTeX.

See the LaTeX manual or LaTeX Companion for explanation.
Type  H <return>  for immediate help.
 ...                                              
                                                  
l.19 ...æ©Ÿå™¨ã®ä¸–å¸¯ä¿æœ‰ç‡ã«ã¤ã„ã¦ã¯ï¼Œ
                                                  
You may provide a definition with
\DeclareUnicodeCharacter 


/Users/ou/Desktop/Literacy/cl-latex-G584252025/sample.tex:20: LaTeX Error: Unicode character æº (U+643A)
               not set up for use with LaTeX.

See the LaTeX manual or LaTeX Companion for explanation.
Type  H <return>  for immediate help.
 ...                                              
                                                  
l.20 æº
        å¸¯é›»è©±ã‚„ã‚¹ãƒãƒ¼ãƒˆãƒ•ã‚©ãƒ³ãªã©ã®ãƒ¢ãƒã‚¤ãƒ«ç«¯æœ«ã§ã¯ï¼...
You may provide a definition with
\DeclareUnicodeCharacter 


/Users/ou/Desktop/Literacy/cl-latex-G584252025/sample.tex:20: LaTeX Error: Unicode character å¸¯ (U+5E2F)
               not set up for use with LaTeX.

See the LaTeX manual or LaTeX Companion for explanation.
Type  H <return>  for immediate help.
 ...                                              
                                                  
l.20 æºå¸¯
           é›»è©±ã‚„ã‚¹ãƒãƒ¼ãƒˆãƒ•ã‚©ãƒ³ãªã©ã®ãƒ¢ãƒã‚¤ãƒ«ç«¯æœ«ã§ã¯ï¼...
You may provide a definition with
\DeclareUnicodeCharacter 


/Users/ou/Desktop/Literacy/cl-latex-G584252025/sample.tex:20: LaTeX Error: Unicode character é›» (U+96FB)
               not set up for use with LaTeX.

See the LaTeX manual or LaTeX Companion for explanation.
Type  H <return>  for immediate help.
 ...                                              
                                                  
l.20 æºå¸¯é›»
              è©±ã‚„ã‚¹ãƒãƒ¼ãƒˆãƒ•ã‚©ãƒ³ãªã©ã®ãƒ¢ãƒã‚¤ãƒ«ç«¯æœ«ã§ã¯ï¼...
You may provide a definition with
\DeclareUnicodeCharacter 


/Users/ou/Desktop/Literacy/cl-latex-G584252025/sample.tex:20: LaTeX Error: Unicode character è©± (U+8A71)
               not set up for use with LaTeX.

See the LaTeX manual or LaTeX Companion for explanation.
Type  H <return>  for immediate help.
 ...                                              
                                                  
l.20 æºå¸¯é›»è©±
                 ã‚„ã‚¹ãƒãƒ¼ãƒˆãƒ•ã‚©ãƒ³ãªã©ã®ãƒ¢ãƒã‚¤ãƒ«ç«¯æœ«ã§ã¯ï¼...
You may provide a definition with
\DeclareUnicodeCharacter 


/Users/ou/Desktop/Literacy/cl-latex-G584252025/sample.tex:20: LaTeX Error: Unicode character ã‚„ (U+3084)
               not set up for use with LaTeX.

See the LaTeX manual or LaTeX Companion for explanation.
Type  H <return>  for immediate help.
 ...                                              
                                                  
l.20 æºå¸¯é›»è©±ã‚„
                    ã‚¹ãƒãƒ¼ãƒˆãƒ•ã‚©ãƒ³ãªã©ã®ãƒ¢ãƒã‚¤ãƒ«ç«¯æœ«ã§ã¯ï¼...
You may provide a definition with
\DeclareUnicodeCharacter 


/Users/ou/Desktop/Literacy/cl-latex-G584252025/sample.tex:20: LaTeX Error: Unicode character ã‚¹ (U+30B9)
               not set up for use with LaTeX.

See the LaTeX manual or LaTeX Companion for explanation.
Type  H <return>  for immediate help.
 ...                                              
                                                  
l.20 æºå¸¯é›»è©±ã‚„ã‚¹
                       ãƒãƒ¼ãƒˆãƒ•ã‚©ãƒ³ãªã©ã®ãƒ¢ãƒã‚¤ãƒ«ç«¯æœ«ã§ã¯ï¼...
You may provide a definition with
\DeclareUnicodeCharacter 


/Users/ou/Desktop/Literacy/cl-latex-G584252025/sample.tex:20: LaTeX Error: Unicode character ãƒ (U+30DE)
               not set up for use with LaTeX.

See the LaTeX manual or LaTeX Companion for explanation.
Type  H <return>  for immediate help.
 ...                                              
                                                  
l.20 æºå¸¯é›»è©±ã‚„ã‚¹ãƒ
                          ãƒ¼ãƒˆãƒ•ã‚©ãƒ³ãªã©ã®ãƒ¢ãƒã‚¤ãƒ«ç«¯æœ«ã§ã¯ï¼...
You may provide a definition with
\DeclareUnicodeCharacter 


/Users/ou/Desktop/Literacy/cl-latex-G584252025/sample.tex:20: LaTeX Error: Unicode character ãƒ¼ (U+30FC)
               not set up for use with LaTeX.

See the LaTeX manual or LaTeX Companion for explanation.
Type  H <return>  for immediate help.
 ...                                              
                                                  
l.20 æºå¸¯é›»è©±ã‚„ã‚¹ãƒãƒ¼
                             ãƒˆãƒ•ã‚©ãƒ³ãªã©ã®ãƒ¢ãƒã‚¤ãƒ«ç«¯æœ«ã§ã¯ï¼...
You may provide a definition with
\DeclareUnicodeCharacter 


/Users/ou/Desktop/Literacy/cl-latex-G584252025/sample.tex:20: LaTeX Error: Unicode character ãƒˆ (U+30C8)
               not set up for use with LaTeX.

See the LaTeX manual or LaTeX Companion for explanation.
Type  H <return>  for immediate help.
 ...                                              
                                                  
l.20 æºå¸¯é›»è©±ã‚„ã‚¹ãƒãƒ¼ãƒˆ
                                ãƒ•ã‚©ãƒ³ãªã©ã®ãƒ¢ãƒã‚¤ãƒ«ç«¯æœ«ã§ã¯ï¼...
You may provide a definition with
\DeclareUnicodeCharacter 


/Users/ou/Desktop/Literacy/cl-latex-G584252025/sample.tex:20: LaTeX Error: Unicode character ãƒ• (U+30D5)
               not set up for use with LaTeX.

See the LaTeX manual or LaTeX Companion for explanation.
Type  H <return>  for immediate help.
 ...                                              
                                                  
l.20 æºå¸¯é›»è©±ã‚„ã‚¹ãƒãƒ¼ãƒˆãƒ•
                                   ã‚©ãƒ³ãªã©ã®ãƒ¢ãƒã‚¤ãƒ«ç«¯æœ«ã§ã¯ï¼...
You may provide a definition with
\DeclareUnicodeCharacter 


/Users/ou/Desktop/Literacy/cl-latex-G584252025/sample.tex:20: LaTeX Error: Unicode character ã‚© (U+30A9)
               not set up for use with LaTeX.

See the LaTeX manual or LaTeX Companion for explanation.
Type  H <return>  for immediate help.
 ...                                              
                                                  
l.20 æºå¸¯é›»è©±ã‚„ã‚¹ãƒãƒ¼ãƒˆãƒ•ã‚©
                                      ãƒ³ãªã©ã®ãƒ¢ãƒã‚¤ãƒ«ç«¯æœ«ã§ã¯ï¼...
You may provide a definition with
\DeclareUnicodeCharacter 


/Users/ou/Desktop/Literacy/cl-latex-G584252025/sample.tex:20: LaTeX Error: Unicode character ãƒ³ (U+30F3)
               not set up for use with LaTeX.

See the LaTeX manual or LaTeX Companion for explanation.
Type  H <return>  for immediate help.
 ...                                              
                                                  
l.20 æºå¸¯é›»è©±ã‚„ã‚¹ãƒãƒ¼ãƒˆãƒ•ã‚©ãƒ³
                                         ãªã©ã®ãƒ¢ãƒã‚¤ãƒ«ç«¯æœ«ã§ã¯ï¼...
You may provide a definition with
\DeclareUnicodeCharacter 


/Users/ou/Desktop/Literacy/cl-latex-G584252025/sample.tex:20: LaTeX Error: Unicode character ãª (U+306A)
               not set up for use with LaTeX.

See the LaTeX manual or LaTeX Companion for explanation.
Type  H <return>  for immediate help.
 ...                                              
                                                  
l.20 æºå¸¯é›»è©±ã‚„ã‚¹ãƒãƒ¼ãƒˆãƒ•ã‚©ãƒ³ãª
                                            ã©ã®ãƒ¢ãƒã‚¤ãƒ«ç«¯æœ«ã§ã¯ï¼...
You may provide a definition with
\DeclareUnicodeCharacter 


/Users/ou/Desktop/Literacy/cl-latex-G584252025/sample.tex:20: LaTeX Error: Unicode character ã© (U+3069)
               not set up for use with LaTeX.

See the LaTeX manual or LaTeX Companion for explanation.
Type  H <return>  for immediate help.
 ...                                              
                                                  
l.20 æºå¸¯é›»è©±ã‚„ã‚¹ãƒãƒ¼ãƒˆãƒ•ã‚©ãƒ³ãªã©
                                               ã®ãƒ¢ãƒã‚¤ãƒ«ç«¯æœ«ã§ã¯ï¼...
You may provide a definition with
\DeclareUnicodeCharacter 


/Users/ou/Desktop/Literacy/cl-latex-G584252025/sample.tex:20: LaTeX Error: Unicode character ã® (U+306E)
               not set up for use with LaTeX.

See the LaTeX manual or LaTeX Companion for explanation.
Type  H <return>  for immediate help.
 ...                                              
                                                  
l.20 æºå¸¯é›»è©±ã‚„ã‚¹ãƒãƒ¼ãƒˆãƒ•ã‚©ãƒ³ãªã©ã®
                                                  ãƒ¢ãƒã‚¤ãƒ«ç«¯æœ«ã§ã¯ï¼...
You may provide a definition with
\DeclareUnicodeCharacter 


/Users/ou/Desktop/Literacy/cl-latex-G584252025/sample.tex:20: LaTeX Error: Unicode character ãƒ¢ (U+30E2)
               not set up for use with LaTeX.

See the LaTeX manual or LaTeX Companion for explanation.
Type  H <return>  for immediate help.
 ...                                              
                                                  
l.20 ...é›»è©±ã‚„ã‚¹ãƒãƒ¼ãƒˆãƒ•ã‚©ãƒ³ãªã©ã®ãƒ¢
                                                  ãƒã‚¤ãƒ«ç«¯æœ«ã§ã¯ï¼Œ9å...
You may provide a definition with
\DeclareUnicodeCharacter 


/Users/ou/Desktop/Literacy/cl-latex-G584252025/sample.tex:20: LaTeX Error: Unicode character ãƒ (U+30D0)
               not set up for use with LaTeX.

See the LaTeX manual or LaTeX Companion for explanation.
Type  H <return>  for immediate help.
 ...                                              
                                                  
l.20 ...è©±ã‚„ã‚¹ãƒãƒ¼ãƒˆãƒ•ã‚©ãƒ³ãªã©ã®ãƒ¢ãƒ
                                                  ã‚¤ãƒ«ç«¯æœ«ã§ã¯ï¼Œ9å‰²ã...
You may provide a definition with
\DeclareUnicodeCharacter 


/Users/ou/Desktop/Literacy/cl-latex-G584252025/sample.tex:20: LaTeX Error: Unicode character ã‚¤ (U+30A4)
               not set up for use with LaTeX.

See the LaTeX manual or LaTeX Companion for explanation.
Type  H <return>  for immediate help.
 ...                                              
                                                  
l.20 ...ã‚„ã‚¹ãƒãƒ¼ãƒˆãƒ•ã‚©ãƒ³ãªã©ã®ãƒ¢ãƒã‚¤
                                                  ãƒ«ç«¯æœ«ã§ã¯ï¼Œ9å‰²ã‚’è...
You may provide a definition with
\DeclareUnicodeCharacter 


/Users/ou/Desktop/Literacy/cl-latex-G584252025/sample.tex:20: LaTeX Error: Unicode character ãƒ« (U+30EB)
               not set up for use with LaTeX.

See the LaTeX manual or LaTeX Companion for explanation.
Type  H <return>  for immediate help.
 ...                                              
                                                  
l.20 ...ã‚¹ãƒãƒ¼ãƒˆãƒ•ã‚©ãƒ³ãªã©ã®ãƒ¢ãƒã‚¤ãƒ«
                                                  ç«¯æœ«ã§ã¯ï¼Œ9å‰²ã‚’è¶Šã...
You may provide a definition with
\DeclareUnicodeCharacter 


/Users/ou/Desktop/Literacy/cl-latex-G584252025/sample.tex:20: LaTeX Error: Unicode character ç«¯ (U+7AEF)
               not set up for use with LaTeX.

See the LaTeX manual or LaTeX Companion for explanation.
Type  H <return>  for immediate help.
 ...                                              
                                                  
l.20 ...ãƒãƒ¼ãƒˆãƒ•ã‚©ãƒ³ãªã©ã®ãƒ¢ãƒã‚¤ãƒ«ç«¯
                                                  æœ«ã§ã¯ï¼Œ9å‰²ã‚’è¶Šãˆã...
You may provide a definition with
\DeclareUnicodeCharacter 


/Users/ou/Desktop/Literacy/cl-latex-G584252025/sample.tex:20: LaTeX Error: Unicode character æœ« (U+672B)
               not set up for use with LaTeX.

See the LaTeX manual or LaTeX Companion for explanation.
Type  H <return>  for immediate help.
 ...                                              
                                                  
l.20 ...ãƒ¼ãƒˆãƒ•ã‚©ãƒ³ãªã©ã®ãƒ¢ãƒã‚¤ãƒ«ç«¯æœ«
                                                  ã§ã¯ï¼Œ9å‰²ã‚’è¶Šãˆã¦ã...
You may provide a definition with
\DeclareUnicodeCharacter 


/Users/ou/Desktop/Literacy/cl-latex-G584252025/sample.tex:20: LaTeX Error: Unicode character ã§ (U+3067)
               not set up for use with LaTeX.

See the LaTeX manual or LaTeX Companion for explanation.
Type  H <return>  for immediate help.
 ...                                              
                                                  
l.20 ...ãƒˆãƒ•ã‚©ãƒ³ãªã©ã®ãƒ¢ãƒã‚¤ãƒ«ç«¯æœ«ã§
                                                  ã¯ï¼Œ9å‰²ã‚’è¶Šãˆã¦ã„ã...
You may provide a definition with
\DeclareUnicodeCharacter 


/Users/ou/Desktop/Literacy/cl-latex-G584252025/sample.tex:20: LaTeX Error: Unicode character ã¯ (U+306F)
               not set up for use with LaTeX.

See the LaTeX manual or LaTeX Companion for explanation.
Type  H <return>  for immediate help.
 ...                                              
                                                  
l.20 ...ãƒ•ã‚©ãƒ³ãªã©ã®ãƒ¢ãƒã‚¤ãƒ«ç«¯æœ«ã§ã¯
                                                  ï¼Œ9å‰²ã‚’è¶Šãˆã¦ã„ã‚‹ï¼
You may provide a definition with
\DeclareUnicodeCharacter 


/Users/ou/Desktop/Literacy/cl-latex-G584252025/sample.tex:20: LaTeX Error: Unicode character ï¼Œ (U+FF0C)
               not set up for use with LaTeX.

See the LaTeX manual or LaTeX Companion for explanation.
Type  H <return>  for immediate help.
 ...                                              
                                                  
l.20 ...ã‚©ãƒ³ãªã©ã®ãƒ¢ãƒã‚¤ãƒ«ç«¯æœ«ã§ã¯ï¼Œ
                                                  9å‰²ã‚’è¶Šãˆã¦ã„ã‚‹ï¼
You may provide a definition with
\DeclareUnicodeCharacter 


/Users/ou/Desktop/Literacy/cl-latex-G584252025/sample.tex:20: LaTeX Error: Unicode character å‰² (U+5272)
               not set up for use with LaTeX.

See the LaTeX manual or LaTeX Companion for explanation.
Type  H <return>  for immediate help.
 ...                                              
                                                  
l.20 ...ƒ³ãªã©ã®ãƒ¢ãƒã‚¤ãƒ«ç«¯æœ«ã§ã¯ï¼Œ9å‰²
                                                  ã‚’è¶Šãˆã¦ã„ã‚‹ï¼
You may provide a definition with
\DeclareUnicodeCharacter 


/Users/ou/Desktop/Literacy/cl-latex-G584252025/sample.tex:20: LaTeX Error: Unicode character ã‚’ (U+3092)
               not set up for use with LaTeX.

See the LaTeX manual or LaTeX Companion for explanation.
Type  H <return>  for immediate help.
 ...                                              
                                                  
l.20 ...ªã©ã®ãƒ¢ãƒã‚¤ãƒ«ç«¯æœ«ã§ã¯ï¼Œ9å‰²ã‚’
                                                  è¶Šãˆã¦ã„ã‚‹ï¼
You may provide a definition with
\DeclareUnicodeCharacter 


/Users/ou/Desktop/Literacy/cl-latex-G584252025/sample.tex:20: LaTeX Error: Unicode character è¶Š (U+8D8A)
               not set up for use with LaTeX.

See the LaTeX manual or LaTeX Companion for explanation.
Type  H <return>  for immediate help.
 ...                                              
                                                  
l.20 ...©ã®ãƒ¢ãƒã‚¤ãƒ«ç«¯æœ«ã§ã¯ï¼Œ9å‰²ã‚’è¶Š
                                                  ãˆã¦ã„ã‚‹ï¼
You may provide a definition with
\DeclareUnicodeCharacter 


/Users/ou/Desktop/Literacy/cl-latex-G584252025/sample.tex:20: LaTeX Error: Unicode character ãˆ (U+3048)
               not set up for use with LaTeX.

See the LaTeX manual or LaTeX Companion for explanation.
Type  H <return>  for immediate help.
 ...                                              
                                                  
l.20 ...®ãƒ¢ãƒã‚¤ãƒ«ç«¯æœ«ã§ã¯ï¼Œ9å‰²ã‚’è¶Šãˆ
                                                  ã¦ã„ã‚‹ï¼
You may provide a definition with
\DeclareUnicodeCharacter 


/Users/ou/Desktop/Literacy/cl-latex-G584252025/sample.tex:20: LaTeX Error: Unicode character ã¦ (U+3066)
               not set up for use with LaTeX.

See the LaTeX manual or LaTeX Companion for explanation.
Type  H <return>  for immediate help.
 ...                                              
                                                  
l.20 ...ƒ¢ãƒã‚¤ãƒ«ç«¯æœ«ã§ã¯ï¼Œ9å‰²ã‚’è¶Šãˆã¦
                                                  ã„ã‚‹ï¼
You may provide a definition with
\DeclareUnicodeCharacter 


/Users/ou/Desktop/Literacy/cl-latex-G584252025/sample.tex:20: LaTeX Error: Unicode character ã„ (U+3044)
               not set up for use with LaTeX.

See the LaTeX manual or LaTeX Companion for explanation.
Type  H <return>  for immediate help.
 ...                                              
                                                  
l.20 ...ƒã‚¤ãƒ«ç«¯æœ«ã§ã¯ï¼Œ9å‰²ã‚’è¶Šãˆã¦ã„
                                                  ã‚‹ï¼
You may provide a definition with
\DeclareUnicodeCharacter 


/Users/ou/Desktop/Literacy/cl-latex-G584252025/sample.tex:20: LaTeX Error: Unicode character ã‚‹ (U+308B)
               not set up for use with LaTeX.

See the LaTeX manual or LaTeX Companion for explanation.
Type  H <return>  for immediate help.
 ...                                              
                                                  
l.20 ...‚¤ãƒ«ç«¯æœ«ã§ã¯ï¼Œ9å‰²ã‚’è¶Šãˆã¦ã„ã‚‹
                                                  ï¼
You may provide a definition with
\DeclareUnicodeCharacter 


/Users/ou/Desktop/Literacy/cl-latex-G584252025/sample.tex:20: LaTeX Error: Unicode character ï¼ (U+FF0E)
               not set up for use with LaTeX.

See the LaTeX manual or LaTeX Companion for explanation.
Type  H <return>  for immediate help.
 ...                                              
                                                  
l.20 ...ƒ«ç«¯æœ«ã§ã¯ï¼Œ9å‰²ã‚’è¶Šãˆã¦ã„ã‚‹ï¼
                                                  
You may provide a definition with
\DeclareUnicodeCharacter 


/Users/ou/Desktop/Literacy/cl-latex-G584252025/sample.tex:21: LaTeX Error: Unicode character ã (U+305D)
               not set up for use with LaTeX.

See the LaTeX manual or LaTeX Companion for explanation.
Type  H <return>  for immediate help.
 ...                                              
                                                  
l.21 ã
        ã®ä¸­ã§ã‚‚ï¼Œã‚¹ãƒãƒ¼ãƒˆãƒ•ã‚©ãƒ³ã®æ™®åŠãŒé€²ã‚“ã§ãŠã‚Šï¼Œ8å...
You may provide a definition with
\DeclareUnicodeCharacter 


/Users/ou/Desktop/Literacy/cl-latex-G584252025/sample.tex:21: LaTeX Error: Unicode character ã® (U+306E)
               not set up for use with LaTeX.

See the LaTeX manual or LaTeX Companion for explanation.
Type  H <return>  for immediate help.
 ...                                              
                                                  
l.21 ãã®
           ä¸­ã§ã‚‚ï¼Œã‚¹ãƒãƒ¼ãƒˆãƒ•ã‚©ãƒ³ã®æ™®åŠãŒé€²ã‚“ã§ãŠã‚Šï¼Œ8å...
You may provide a definition with
\DeclareUnicodeCharacter 


/Users/ou/Desktop/Literacy/cl-latex-G584252025/sample.tex:21: LaTeX Error: Unicode character ä¸­ (U+4E2D)
               not set up for use with LaTeX.

See the LaTeX manual or LaTeX Companion for explanation.
Type  H <return>  for immediate help.
 ...                                              
                                                  
l.21 ãã®ä¸­
              ã§ã‚‚ï¼Œã‚¹ãƒãƒ¼ãƒˆãƒ•ã‚©ãƒ³ã®æ™®åŠãŒé€²ã‚“ã§ãŠã‚Šï¼Œ8å...
You may provide a definition with
\DeclareUnicodeCharacter 


/Users/ou/Desktop/Literacy/cl-latex-G584252025/sample.tex:21: LaTeX Error: Unicode character ã§ (U+3067)
               not set up for use with LaTeX.

See the LaTeX manual or LaTeX Companion for explanation.
Type  H <return>  for immediate help.
 ...                                              
                                                  
l.21 ãã®ä¸­ã§
                 ã‚‚ï¼Œã‚¹ãƒãƒ¼ãƒˆãƒ•ã‚©ãƒ³ã®æ™®åŠãŒé€²ã‚“ã§ãŠã‚Šï¼Œ8å...
You may provide a definition with
\DeclareUnicodeCharacter 


/Users/ou/Desktop/Literacy/cl-latex-G584252025/sample.tex:21: LaTeX Error: Unicode character ã‚‚ (U+3082)
               not set up for use with LaTeX.

See the LaTeX manual or LaTeX Companion for explanation.
Type  H <return>  for immediate help.
 ...                                              
                                                  
l.21 ãã®ä¸­ã§ã‚‚
                    ï¼Œã‚¹ãƒãƒ¼ãƒˆãƒ•ã‚©ãƒ³ã®æ™®åŠãŒé€²ã‚“ã§ãŠã‚Šï¼Œ8å...
You may provide a definition with
\DeclareUnicodeCharacter 


/Users/ou/Desktop/Literacy/cl-latex-G584252025/sample.tex:21: LaTeX Error: Unicode character ï¼Œ (U+FF0C)
               not set up for use with LaTeX.

See the LaTeX manual or LaTeX Companion for explanation.
Type  H <return>  for immediate help.
 ...                                              
                                                  
l.21 ãã®ä¸­ã§ã‚‚ï¼Œ
                       ã‚¹ãƒãƒ¼ãƒˆãƒ•ã‚©ãƒ³ã®æ™®åŠãŒé€²ã‚“ã§ãŠã‚Šï¼Œ8å...
You may provide a definition with
\DeclareUnicodeCharacter 


/Users/ou/Desktop/Literacy/cl-latex-G584252025/sample.tex:21: LaTeX Error: Unicode character ã‚¹ (U+30B9)
               not set up for use with LaTeX.

See the LaTeX manual or LaTeX Companion for explanation.
Type  H <return>  for immediate help.
 ...                                              
                                                  
l.21 ãã®ä¸­ã§ã‚‚ï¼Œã‚¹
                          ãƒãƒ¼ãƒˆãƒ•ã‚©ãƒ³ã®æ™®åŠãŒé€²ã‚“ã§ãŠã‚Šï¼Œ8å...
You may provide a definition with
\DeclareUnicodeCharacter 


/Users/ou/Desktop/Literacy/cl-latex-G584252025/sample.tex:21: LaTeX Error: Unicode character ãƒ (U+30DE)
               not set up for use with LaTeX.

See the LaTeX manual or LaTeX Companion for explanation.
Type  H <return>  for immediate help.
 ...                                              
                                                  
l.21 ãã®ä¸­ã§ã‚‚ï¼Œã‚¹ãƒ
                             ãƒ¼ãƒˆãƒ•ã‚©ãƒ³ã®æ™®åŠãŒé€²ã‚“ã§ãŠã‚Šï¼Œ8å...
You may provide a definition with
\DeclareUnicodeCharacter 


/Users/ou/Desktop/Literacy/cl-latex-G584252025/sample.tex:21: LaTeX Error: Unicode character ãƒ¼ (U+30FC)
               not set up for use with LaTeX.

See the LaTeX manual or LaTeX Companion for explanation.
Type  H <return>  for immediate help.
 ...                                              
                                                  
l.21 ãã®ä¸­ã§ã‚‚ï¼Œã‚¹ãƒãƒ¼
                                ãƒˆãƒ•ã‚©ãƒ³ã®æ™®åŠãŒé€²ã‚“ã§ãŠã‚Šï¼Œ8å...
You may provide a definition with
\DeclareUnicodeCharacter 


/Users/ou/Desktop/Literacy/cl-latex-G584252025/sample.tex:21: LaTeX Error: Unicode character ãƒˆ (U+30C8)
               not set up for use with LaTeX.

See the LaTeX manual or LaTeX Companion for explanation.
Type  H <return>  for immediate help.
 ...                                              
                                                  
l.21 ãã®ä¸­ã§ã‚‚ï¼Œã‚¹ãƒãƒ¼ãƒˆ
                                   ãƒ•ã‚©ãƒ³ã®æ™®åŠãŒé€²ã‚“ã§ãŠã‚Šï¼Œ8å...
You may provide a definition with
\DeclareUnicodeCharacter 


/Users/ou/Desktop/Literacy/cl-latex-G584252025/sample.tex:21: LaTeX Error: Unicode character ãƒ• (U+30D5)
               not set up for use with LaTeX.

See the LaTeX manual or LaTeX Companion for explanation.
Type  H <return>  for immediate help.
 ...                                              
                                                  
l.21 ãã®ä¸­ã§ã‚‚ï¼Œã‚¹ãƒãƒ¼ãƒˆãƒ•
                                      ã‚©ãƒ³ã®æ™®åŠãŒé€²ã‚“ã§ãŠã‚Šï¼Œ8å...
You may provide a definition with
\DeclareUnicodeCharacter 


/Users/ou/Desktop/Literacy/cl-latex-G584252025/sample.tex:21: LaTeX Error: Unicode character ã‚© (U+30A9)
               not set up for use with LaTeX.

See the LaTeX manual or LaTeX Companion for explanation.
Type  H <return>  for immediate help.
 ...                                              
                                                  
l.21 ãã®ä¸­ã§ã‚‚ï¼Œã‚¹ãƒãƒ¼ãƒˆãƒ•ã‚©
                                         ãƒ³ã®æ™®åŠãŒé€²ã‚“ã§ãŠã‚Šï¼Œ8å...
You may provide a definition with
\DeclareUnicodeCharacter 


/Users/ou/Desktop/Literacy/cl-latex-G584252025/sample.tex:21: LaTeX Error: Unicode character ãƒ³ (U+30F3)
               not set up for use with LaTeX.

See the LaTeX manual or LaTeX Companion for explanation.
Type  H <return>  for immediate help.
 ...                                              
                                                  
l.21 ãã®ä¸­ã§ã‚‚ï¼Œã‚¹ãƒãƒ¼ãƒˆãƒ•ã‚©ãƒ³
                                            ã®æ™®åŠãŒé€²ã‚“ã§ãŠã‚Šï¼Œ8å...
You may provide a definition with
\DeclareUnicodeCharacter 


/Users/ou/Desktop/Literacy/cl-latex-G584252025/sample.tex:21: LaTeX Error: Unicode character ã® (U+306E)
               not set up for use with LaTeX.

See the LaTeX manual or LaTeX Companion for explanation.
Type  H <return>  for immediate help.
 ...                                              
                                                  
l.21 ãã®ä¸­ã§ã‚‚ï¼Œã‚¹ãƒãƒ¼ãƒˆãƒ•ã‚©ãƒ³ã®
                                               æ™®åŠãŒé€²ã‚“ã§ãŠã‚Šï¼Œ8å...
You may provide a definition with
\DeclareUnicodeCharacter 


/Users/ou/Desktop/Literacy/cl-latex-G584252025/sample.tex:21: LaTeX Error: Unicode character æ™® (U+666E)
               not set up for use with LaTeX.

See the LaTeX manual or LaTeX Companion for explanation.
Type  H <return>  for immediate help.
 ...                                              
                                                  
l.21 ãã®ä¸­ã§ã‚‚ï¼Œã‚¹ãƒãƒ¼ãƒˆãƒ•ã‚©ãƒ³ã®æ™®
                                                  åŠãŒé€²ã‚“ã§ãŠã‚Šï¼Œ8å...
You may provide a definition with
\DeclareUnicodeCharacter 


/Users/ou/Desktop/Literacy/cl-latex-G584252025/sample.tex:21: LaTeX Error: Unicode character åŠ (U+53CA)
               not set up for use with LaTeX.

See the LaTeX manual or LaTeX Companion for explanation.
Type  H <return>  for immediate help.
 ...                                              
                                                  
l.21 ...ä¸­ã§ã‚‚ï¼Œã‚¹ãƒãƒ¼ãƒˆãƒ•ã‚©ãƒ³ã®æ™®åŠ
                                                  ãŒé€²ã‚“ã§ãŠã‚Šï¼Œ8å‰²ä...
You may provide a definition with
\DeclareUnicodeCharacter 


/Users/ou/Desktop/Literacy/cl-latex-G584252025/sample.tex:21: LaTeX Error: Unicode character ãŒ (U+304C)
               not set up for use with LaTeX.

See the LaTeX manual or LaTeX Companion for explanation.
Type  H <return>  for immediate help.
 ...                                              
                                                  
l.21 ...ã§ã‚‚ï¼Œã‚¹ãƒãƒ¼ãƒˆãƒ•ã‚©ãƒ³ã®æ™®åŠãŒ
                                                  é€²ã‚“ã§ãŠã‚Šï¼Œ8å‰²ä»¥ä...
You may provide a definition with
\DeclareUnicodeCharacter 


/Users/ou/Desktop/Literacy/cl-latex-G584252025/sample.tex:21: LaTeX Error: Unicode character é€² (U+9032)
               not set up for use with LaTeX.

See the LaTeX manual or LaTeX Companion for explanation.
Type  H <return>  for immediate help.
 ...                                              
                                                  
l.21 ...ã‚‚ï¼Œã‚¹ãƒãƒ¼ãƒˆãƒ•ã‚©ãƒ³ã®æ™®åŠãŒé€²
                                                  ã‚“ã§ãŠã‚Šï¼Œ8å‰²ä»¥ä¸Šã...
You may provide a definition with
\DeclareUnicodeCharacter 


/Users/ou/Desktop/Literacy/cl-latex-G584252025/sample.tex:21: LaTeX Error: Unicode character ã‚“ (U+3093)
               not set up for use with LaTeX.

See the LaTeX manual or LaTeX Companion for explanation.
Type  H <return>  for immediate help.
 ...                                              
                                                  
l.21 ...ï¼Œã‚¹ãƒãƒ¼ãƒˆãƒ•ã‚©ãƒ³ã®æ™®åŠãŒé€²ã‚“
                                                  ã§ãŠã‚Šï¼Œ8å‰²ä»¥ä¸Šã®ä...
You may provide a definition with
\DeclareUnicodeCharacter 


/Users/ou/Desktop/Literacy/cl-latex-G584252025/sample.tex:21: LaTeX Error: Unicode character ã§ (U+3067)
               not set up for use with LaTeX.

See the LaTeX manual or LaTeX Companion for explanation.
Type  H <return>  for immediate help.
 ...                                              
                                                  
l.21 ...ã‚¹ãƒãƒ¼ãƒˆãƒ•ã‚©ãƒ³ã®æ™®åŠãŒé€²ã‚“ã§
                                                  ãŠã‚Šï¼Œ8å‰²ä»¥ä¸Šã®ä¸–å...
You may provide a definition with
\DeclareUnicodeCharacter 


/Users/ou/Desktop/Literacy/cl-latex-G584252025/sample.tex:21: LaTeX Error: Unicode character ãŠ (U+304A)
               not set up for use with LaTeX.

See the LaTeX manual or LaTeX Companion for explanation.
Type  H <return>  for immediate help.
 ...                                              
                                                  
l.21 ...ãƒãƒ¼ãƒˆãƒ•ã‚©ãƒ³ã®æ™®åŠãŒé€²ã‚“ã§ãŠ
                                                  ã‚Šï¼Œ8å‰²ä»¥ä¸Šã®ä¸–å¸¯ã...
You may provide a definition with
\DeclareUnicodeCharacter 


/Users/ou/Desktop/Literacy/cl-latex-G584252025/sample.tex:21: LaTeX Error: Unicode character ã‚Š (U+308A)
               not set up for use with LaTeX.

See the LaTeX manual or LaTeX Companion for explanation.
Type  H <return>  for immediate help.
 ...                                              
                                                  
l.21 ...ãƒ¼ãƒˆãƒ•ã‚©ãƒ³ã®æ™®åŠãŒé€²ã‚“ã§ãŠã‚Š
                                                  ï¼Œ8å‰²ä»¥ä¸Šã®ä¸–å¸¯ã§ä...
You may provide a definition with
\DeclareUnicodeCharacter 


/Users/ou/Desktop/Literacy/cl-latex-G584252025/sample.tex:21: LaTeX Error: Unicode character ï¼Œ (U+FF0C)
               not set up for use with LaTeX.

See the LaTeX manual or LaTeX Companion for explanation.
Type  H <return>  for immediate help.
 ...                                              
                                                  
l.21 ...ãƒˆãƒ•ã‚©ãƒ³ã®æ™®åŠãŒé€²ã‚“ã§ãŠã‚Šï¼Œ
                                                  8å‰²ä»¥ä¸Šã®ä¸–å¸¯ã§ä¿æ...
You may provide a definition with
\DeclareUnicodeCharacter 


/Users/ou/Desktop/Literacy/cl-latex-G584252025/sample.tex:21: LaTeX Error: Unicode character å‰² (U+5272)
               not set up for use with LaTeX.

See the LaTeX manual or LaTeX Companion for explanation.
Type  H <return>  for immediate help.
 ...                                              
                                                  
l.21 ...ƒ•ã‚©ãƒ³ã®æ™®åŠãŒé€²ã‚“ã§ãŠã‚Šï¼Œ8å‰²
                                                  ä»¥ä¸Šã®ä¸–å¸¯ã§ä¿æœ‰ã...
You may provide a definition with
\DeclareUnicodeCharacter 


/Users/ou/Desktop/Literacy/cl-latex-G584252025/sample.tex:21: LaTeX Error: Unicode character ä»¥ (U+4EE5)
               not set up for use with LaTeX.

See the LaTeX manual or LaTeX Companion for explanation.
Type  H <return>  for immediate help.
 ...                                              
                                                  
l.21 ...‚©ãƒ³ã®æ™®åŠãŒé€²ã‚“ã§ãŠã‚Šï¼Œ8å‰²ä»¥
                                                  ä¸Šã®ä¸–å¸¯ã§ä¿æœ‰ã—ã...
You may provide a definition with
\DeclareUnicodeCharacter 


/Users/ou/Desktop/Literacy/cl-latex-G584252025/sample.tex:21: LaTeX Error: Unicode character ä¸Š (U+4E0A)
               not set up for use with LaTeX.

See the LaTeX manual or LaTeX Companion for explanation.
Type  H <return>  for immediate help.
 ...                                              
                                                  
l.21 ...ƒ³ã®æ™®åŠãŒé€²ã‚“ã§ãŠã‚Šï¼Œ8å‰²ä»¥ä¸Š
                                                  ã®ä¸–å¸¯ã§ä¿æœ‰ã—ã¦ã...
You may provide a definition with
\DeclareUnicodeCharacter 


/Users/ou/Desktop/Literacy/cl-latex-G584252025/sample.tex:21: LaTeX Error: Unicode character ã® (U+306E)
               not set up for use with LaTeX.

See the LaTeX manual or LaTeX Companion for explanation.
Type  H <return>  for immediate help.
 ...                                              
                                                  
l.21 ...®æ™®åŠãŒé€²ã‚“ã§ãŠã‚Šï¼Œ8å‰²ä»¥ä¸Šã®
                                                  ä¸–å¸¯ã§ä¿æœ‰ã—ã¦ã„ã‚...
You may provide a definition with
\DeclareUnicodeCharacter 


/Users/ou/Desktop/Literacy/cl-latex-G584252025/sample.tex:21: LaTeX Error: Unicode character ä¸– (U+4E16)
               not set up for use with LaTeX.

See the LaTeX manual or LaTeX Companion for explanation.
Type  H <return>  for immediate help.
 ...                                              
                                                  
l.21 ...™®åŠãŒé€²ã‚“ã§ãŠã‚Šï¼Œ8å‰²ä»¥ä¸Šã®ä¸–
                                                  å¸¯ã§ä¿æœ‰ã—ã¦ã„ã‚‹ï¼
You may provide a definition with
\DeclareUnicodeCharacter 


/Users/ou/Desktop/Literacy/cl-latex-G584252025/sample.tex:21: LaTeX Error: Unicode character å¸¯ (U+5E2F)
               not set up for use with LaTeX.

See the LaTeX manual or LaTeX Companion for explanation.
Type  H <return>  for immediate help.
 ...                                              
                                                  
l.21 ...ŠãŒé€²ã‚“ã§ãŠã‚Šï¼Œ8å‰²ä»¥ä¸Šã®ä¸–å¸¯
                                                  ã§ä¿æœ‰ã—ã¦ã„ã‚‹ï¼
You may provide a definition with
\DeclareUnicodeCharacter 


/Users/ou/Desktop/Literacy/cl-latex-G584252025/sample.tex:21: LaTeX Error: Unicode character ã§ (U+3067)
               not set up for use with LaTeX.

See the LaTeX manual or LaTeX Companion for explanation.
Type  H <return>  for immediate help.
 ...                                              
                                                  
l.21 ...Œé€²ã‚“ã§ãŠã‚Šï¼Œ8å‰²ä»¥ä¸Šã®ä¸–å¸¯ã§
                                                  ä¿æœ‰ã—ã¦ã„ã‚‹ï¼
You may provide a definition with
\DeclareUnicodeCharacter 


/Users/ou/Desktop/Literacy/cl-latex-G584252025/sample.tex:21: LaTeX Error: Unicode character ä¿ (U+4FDD)
               not set up for use with LaTeX.

See the LaTeX manual or LaTeX Companion for explanation.
Type  H <return>  for immediate help.
 ...                                              
                                                  
l.21 ...€²ã‚“ã§ãŠã‚Šï¼Œ8å‰²ä»¥ä¸Šã®ä¸–å¸¯ã§ä¿
                                                  æœ‰ã—ã¦ã„ã‚‹ï¼
You may provide a definition with
\DeclareUnicodeCharacter 


/Users/ou/Desktop/Literacy/cl-latex-G584252025/sample.tex:21: LaTeX Error: Unicode character æœ‰ (U+6709)
               not set up for use with LaTeX.

See the LaTeX manual or LaTeX Companion for explanation.
Type  H <return>  for immediate help.
 ...                                              
                                                  
l.21 ...‚“ã§ãŠã‚Šï¼Œ8å‰²ä»¥ä¸Šã®ä¸–å¸¯ã§ä¿æœ‰
                                                  ã—ã¦ã„ã‚‹ï¼
You may provide a definition with
\DeclareUnicodeCharacter 


/Users/ou/Desktop/Literacy/cl-latex-G584252025/sample.tex:21: LaTeX Error: Unicode character ã— (U+3057)
               not set up for use with LaTeX.

See the LaTeX manual or LaTeX Companion for explanation.
Type  H <return>  for immediate help.
 ...                                              
                                                  
l.21 ...§ãŠã‚Šï¼Œ8å‰²ä»¥ä¸Šã®ä¸–å¸¯ã§ä¿æœ‰ã—
                                                  ã¦ã„ã‚‹ï¼
You may provide a definition with
\DeclareUnicodeCharacter 


/Users/ou/Desktop/Literacy/cl-latex-G584252025/sample.tex:21: LaTeX Error: Unicode character ã¦ (U+3066)
               not set up for use with LaTeX.

See the LaTeX manual or LaTeX Companion for explanation.
Type  H <return>  for immediate help.
 ...                                              
                                                  
l.21 ...Šã‚Šï¼Œ8å‰²ä»¥ä¸Šã®ä¸–å¸¯ã§ä¿æœ‰ã—ã¦
                                                  ã„ã‚‹ï¼
You may provide a definition with
\DeclareUnicodeCharacter 


/Users/ou/Desktop/Literacy/cl-latex-G584252025/sample.tex:21: LaTeX Error: Unicode character ã„ (U+3044)
               not set up for use with LaTeX.

See the LaTeX manual or LaTeX Companion for explanation.
Type  H <return>  for immediate help.
 ...                                              
                                                  
l.21 ...‚Šï¼Œ8å‰²ä»¥ä¸Šã®ä¸–å¸¯ã§ä¿æœ‰ã—ã¦ã„
                                                  ã‚‹ï¼
(That makes 100 errors; please try again.) 
Here is how much of TeX's memory you used:
 838 strings out of 473190
 14821 string characters out of 5715801
 400136 words of memory out of 5000000
 24149 multiletter control sequences out of 15000+600000
 559145 words of font info for 37 fonts, out of 8000000 for 9000
 1141 hyphenation exceptions out of 8191
 57i,1n,65p,246b,79s stack positions out of 10000i,1000n,20000p,200000b,200000s

/Users/ou/Desktop/Literacy/cl-latex-G584252025/sample.tex:21:  ==> Fatal error occurred, no output PDF file produced!
